# JRE version: OpenJDK Runtime Environment (8.0_202-b03) (build 1.8.0_202-release-1483-b03)
# Java VM: OpenJDK 64-Bit Server VM (25.202-b03 mixed mode windows-amd64 compressed oops)
Heap:
 PSYoungGen      total 245248K, used 225702K [0x00000000e0000000, 0x00000000f2b80000, 0x0000000100000000)
  eden space 207872K, 90% used [0x00000000e0000000,0x00000000eb7ed9d8,0x00000000ecb00000)
  from space 37376K, 99% used [0x00000000ecb00000,0x00000000eef7c168,0x00000000eef80000)
  to   space 42496K, 0% used [0x00000000f0200000,0x00000000f0200000,0x00000000f2b80000)
 ParOldGen       total 411648K, used 79015K [0x00000000a0000000, 0x00000000b9200000, 0x00000000e0000000)
  object space 411648K, 19% used [0x00000000a0000000,0x00000000a4d29d00,0x00000000b9200000)
 Metaspace       used 113985K, capacity 119770K, committed 120012K, reserved 1153024K
  class space    used 14678K, capacity 15829K, committed 15872K, reserved 1048576K
GC Heap History (10 events):
Event: 11230.876 GC heap before
{Heap before GC invocations=25 (full 4):
 PSYoungGen      total 209920K, used 200684K [0x00000000e0000000, 0x00000000eeb80000, 0x0000000100000000)
  eden space 186880K, 99% used [0x00000000e0000000,0x00000000eb67edc8,0x00000000eb680000)
  from space 23040K, 59% used [0x00000000ed500000,0x00000000ee27c4a8,0x00000000eeb80000)
  to   space 27136K, 0% used [0x00000000eb680000,0x00000000eb680000,0x00000000ed100000)
 ParOldGen       total 411648K, used 56629K [0x00000000a0000000, 0x00000000b9200000, 0x00000000e0000000)
  object space 411648K, 13% used [0x00000000a0000000,0x00000000a374d458,0x00000000b9200000)
 Metaspace       used 106627K, capacity 111406K, committed 111692K, reserved 1146880K
  class space    used 13930K, capacity 14915K, committed 14976K, reserved 1048576K
Event: 11230.927 GC heap after
Heap after GC invocations=25 (full 4):
 PSYoungGen      total 214016K, used 21374K [0x00000000e0000000, 0x00000000ef900000, 0x0000000100000000)
  eden space 186880K, 0% used [0x00000000e0000000,0x00000000e0000000,0x00000000eb680000)
  from space 27136K, 78% used [0x00000000eb680000,0x00000000ecb5f9c8,0x00000000ed100000)
  to   space 28160K, 0% used [0x00000000edd80000,0x00000000edd80000,0x00000000ef900000)
 ParOldGen       total 411648K, used 56637K [0x00000000a0000000, 0x00000000b9200000, 0x00000000e0000000)
  object space 411648K, 13% used [0x00000000a0000000,0x00000000a374f458,0x00000000b9200000)
 Metaspace       used 106627K, capacity 111406K, committed 111692K, reserved 1146880K
  class space    used 13930K, capacity 14915K, committed 14976K, reserved 1048576K
}
Event: 11231.983 GC heap before
{Heap before GC invocations=26 (full 4):
 PSYoungGen      total 214016K, used 208254K [0x00000000e0000000, 0x00000000ef900000, 0x0000000100000000)
  eden space 186880K, 100% used [0x00000000e0000000,0x00000000eb680000,0x00000000eb680000)
  from space 27136K, 78% used [0x00000000eb680000,0x00000000ecb5f9c8,0x00000000ed100000)
  to   space 28160K, 0% used [0x00000000edd80000,0x00000000edd80000,0x00000000ef900000)
 ParOldGen       total 411648K, used 56637K [0x00000000a0000000, 0x00000000b9200000, 0x00000000e0000000)
  object space 411648K, 13% used [0x00000000a0000000,0x00000000a374f458,0x00000000b9200000)
 Metaspace       used 107466K, capacity 112380K, committed 112460K, reserved 1146880K
  class space    used 13980K, capacity 14956K, committed 14976K, reserved 1048576K
Event: 11232.013 GC heap after
Heap after GC invocations=26 (full 4):
 PSYoungGen      total 227840K, used 15854K [0x00000000e0000000, 0x00000000f0100000, 0x0000000100000000)
  eden space 199680K, 0% used [0x00000000e0000000,0x00000000e0000000,0x00000000ec300000)
  from space 28160K, 56% used [0x00000000edd80000,0x00000000eecfbb50,0x00000000ef900000)
  to   space 27136K, 0% used [0x00000000ec300000,0x00000000ec300000,0x00000000edd80000)
 ParOldGen       total 411648K, used 56645K [0x00000000a0000000, 0x00000000b9200000, 0x00000000e0000000)
  object space 411648K, 13% used [0x00000000a0000000,0x00000000a3751458,0x00000000b9200000)
 Metaspace       used 107466K, capacity 112380K, committed 112460K, reserved 1146880K
  class space    used 13980K, capacity 14956K, committed 14976K, reserved 1048576K
}
Event: 12014.353 GC heap before
{Heap before GC invocations=27 (full 4):
 PSYoungGen      total 227840K, used 215534K [0x00000000e0000000, 0x00000000f0100000, 0x0000000100000000)
  eden space 199680K, 100% used [0x00000000e0000000,0x00000000ec300000,0x00000000ec300000)
  from space 28160K, 56% used [0x00000000edd80000,0x00000000eecfbb50,0x00000000ef900000)
  to   space 27136K, 0% used [0x00000000ec300000,0x00000000ec300000,0x00000000edd80000)
 ParOldGen       total 411648K, used 56645K [0x00000000a0000000, 0x00000000b9200000, 0x00000000e0000000)
  object space 411648K, 13% used [0x00000000a0000000,0x00000000a3751458,0x00000000b9200000)
 Metaspace       used 108722K, capacity 114038K, committed 114380K, reserved 1148928K
  class space    used 14149K, capacity 15239K, committed 15360K, reserved 1048576K
Event: 12014.385 GC heap after
Heap after GC invocations=27 (full 4):
 PSYoungGen      total 226816K, used 18811K [0x00000000e0000000, 0x00000000f0980000, 0x0000000100000000)
  eden space 199680K, 0% used [0x00000000e0000000,0x00000000e0000000,0x00000000ec300000)
  from space 27136K, 69% used [0x00000000ec300000,0x00000000ed55ef38,0x00000000edd80000)
  to   space 26624K, 0% used [0x00000000eef80000,0x00000000eef80000,0x00000000f0980000)
 ParOldGen       total 411648K, used 56653K [0x00000000a0000000, 0x00000000b9200000, 0x00000000e0000000)
  object space 411648K, 13% used [0x00000000a0000000,0x00000000a3753458,0x00000000b9200000)
 Metaspace       used 108722K, capacity 114038K, committed 114380K, reserved 1148928K
  class space    used 14149K, capacity 15239K, committed 15360K, reserved 1048576K
}
Event: 12018.393 GC heap before
{Heap before GC invocations=28 (full 4):
 PSYoungGen      total 226816K, used 218491K [0x00000000e0000000, 0x00000000f0980000, 0x0000000100000000)
  eden space 199680K, 100% used [0x00000000e0000000,0x00000000ec300000,0x00000000ec300000)
  from space 27136K, 69% used [0x00000000ec300000,0x00000000ed55ef38,0x00000000edd80000)
  to   space 26624K, 0% used [0x00000000eef80000,0x00000000eef80000,0x00000000f0980000)
 ParOldGen       total 411648K, used 56653K [0x00000000a0000000, 0x00000000b9200000, 0x00000000e0000000)
  object space 411648K, 13% used [0x00000000a0000000,0x00000000a3753458,0x00000000b9200000)
 Metaspace       used 112627K, capacity 118006K, committed 118348K, reserved 1153024K
  class space    used 14536K, capacity 15647K, committed 15744K, reserved 1048576K
Event: 12018.444 GC heap after
Heap after GC invocations=28 (full 4):
 PSYoungGen      total 234496K, used 26592K [0x00000000e0000000, 0x00000000f2100000, 0x0000000100000000)
  eden space 207872K, 0% used [0x00000000e0000000,0x00000000e0000000,0x00000000ecb00000)
  from space 26624K, 99% used [0x00000000eef80000,0x00000000f0978328,0x00000000f0980000)
  to   space 37376K, 0% used [0x00000000ecb00000,0x00000000ecb00000,0x00000000eef80000)
 ParOldGen       total 411648K, used 77320K [0x00000000a0000000, 0x00000000b9200000, 0x00000000e0000000)
  object space 411648K, 18% used [0x00000000a0000000,0x00000000a4b822d0,0x00000000b9200000)
 Metaspace       used 112627K, capacity 118006K, committed 118348K, reserved 1153024K
  class space    used 14536K, capacity 15647K, committed 15744K, reserved 1048576K
}
Event: 12056.424 GC heap before
{Heap before GC invocations=29 (full 4):
 PSYoungGen      total 234496K, used 234464K [0x00000000e0000000, 0x00000000f2100000, 0x0000000100000000)
  eden space 207872K, 100% used [0x00000000e0000000,0x00000000ecb00000,0x00000000ecb00000)
  from space 26624K, 99% used [0x00000000eef80000,0x00000000f0978328,0x00000000f0980000)
  to   space 37376K, 0% used [0x00000000ecb00000,0x00000000ecb00000,0x00000000eef80000)
 ParOldGen       total 411648K, used 77320K [0x00000000a0000000, 0x00000000b9200000, 0x00000000e0000000)
  object space 411648K, 18% used [0x00000000a0000000,0x00000000a4b822d0,0x00000000b9200000)
 Metaspace       used 113875K, capacity 119694K, committed 119756K, reserved 1153024K
  class space    used 14676K, capacity 15827K, committed 15872K, reserved 1048576K
Event: 12056.455 GC heap after
Heap after GC invocations=29 (full 4):
 PSYoungGen      total 245248K, used 37360K [0x00000000e0000000, 0x00000000f2b80000, 0x0000000100000000)
  eden space 207872K, 0% used [0x00000000e0000000,0x00000000e0000000,0x00000000ecb00000)
  from space 37376K, 99% used [0x00000000ecb00000,0x00000000eef7c168,0x00000000eef80000)
  to   space 42496K, 0% used [0x00000000f0200000,0x00000000f0200000,0x00000000f2b80000)
 ParOldGen       total 411648K, used 79015K [0x00000000a0000000, 0x00000000b9200000, 0x00000000e0000000)
  object space 411648K, 19% used [0x00000000a0000000,0x00000000a4d29d00,0x00000000b9200000)
 Metaspace       used 113875K, capacity 119694K, committed 119756K, reserved 1153024K
  class space    used 14676K, capacity 15827K, committed 15872K, reserved 1048576K
}

